<conversion>
  <applied-converters>
    <converter id="kotlin-non-jvm-source-roots" />
    <converter id="junit-to-android-junit-configurations" />
    <converter id="android-sdk-library" />
    <converter id="android-module-to-java-module" />
    <converter id="android-proguard-options" />
  </applied-converters>
  <project-files>
    <file path="F:\test-plugin\.idea\compiler.xml" timestamp="1575976797120" />
    <file path="F:\test-plugin\.idea\misc.xml" timestamp="1557974064327" />
    <file path="F:\test-plugin\.idea\workspace.xml" timestamp="1575976797058" />
  </project-files>
</conversion>